2014-10-27 14:46:21 0 [Warning] TIMESTAMP with implicit DEFAULT value is deprecated. Please use --explicit_defaults_for_timestamp server option (see documentation for more details).
2014-10-27 14:46:21 34160 [Warning] Setting lower_case_table_names=2 because file system for /usr/local/var/mysql/ is case insensitive
2014-10-27 14:46:21 34160 [Note] Plugin 'FEDERATED' is disabled.
2014-10-27 14:46:21 34160 [Note] InnoDB: Using atomics to ref count buffer pool pages
2014-10-27 14:46:21 34160 [Note] InnoDB: The InnoDB memory heap is disabled
2014-10-27 14:46:21 34160 [Note] InnoDB: Mutexes and rw_locks use GCC atomic builtins
2014-10-27 14:46:21 34160 [Note] InnoDB: Memory barrier is not used
2014-10-27 14:46:21 34160 [Note] InnoDB: Compressed tables use zlib 1.2.3
2014-10-27 14:46:21 34160 [Note] InnoDB: Using CPU crc32 instructions
2014-10-27 14:46:21 34160 [Note] InnoDB: Initializing buffer pool, size = 128.0M
2014-10-27 14:46:21 34160 [Note] InnoDB: Completed initialization of buffer pool
2014-10-27 14:46:21 34160 [Note] InnoDB: Highest supported file format is Barracuda.
2014-10-27 14:46:21 34160 [Note] InnoDB: 128 rollback segment(s) are active.
2014-10-27 14:46:21 34160 [Note] InnoDB: Waiting for purge to start
2014-10-27 14:46:21 34160 [Note] InnoDB: 5.6.20 started; log sequence number 13963021439
2014-10-27 14:46:21 34160 [Note] RSA private key file not found: /usr/local/var/mysql//private_key.pem. Some authentication plugins will not work.
2014-10-27 14:46:21 34160 [Note] RSA public key file not found: /usr/local/var/mysql//public_key.pem. Some authentication plugins will not work.
2014-10-27 14:46:21 34160 [Note] Server hostname (bind-address): '*'; port: 3306
2014-10-27 14:46:21 34160 [Note] IPv6 is available.
2014-10-27 14:46:21 34160 [Note]   - '::' resolves to '::';
2014-10-27 14:46:21 34160 [Note] Server socket created on IP: '::'.
2014-10-27 14:46:22 34160 [Note] Event Scheduler: Loaded 0 events
2014-10-27 14:46:22 34160 [Note] mysqld: ready for connections.
Version: '5.6.20'  socket: '/tmp/mysql.sock'  port: 3306  Homebrew
